[debug] [2021-02-16T16:11:13.349Z] ----------------------------------------------------------------------
[debug] [2021-02-16T16:11:13.359Z] Command:       C:\Program Files\nodejs\node.exe C:\Users\IR~SAGE\AppData\Roaming\npm\node_modules\firebase-tools\lib\bin\firebase.js emulators:start
[debug] [2021-02-16T16:11:13.360Z] CLI Version:   9.3.0
[debug] [2021-02-16T16:11:13.361Z] Platform:      win32
[debug] [2021-02-16T16:11:13.361Z] Node Version:  v14.15.4
[debug] [2021-02-16T16:11:13.365Z] Time:          Tue Feb 16 2021 18:11:13 GMT+0200 (Eastern European Standard Time)
[debug] [2021-02-16T16:11:13.365Z] ----------------------------------------------------------------------
[debug] [2021-02-16T16:11:13.366Z] 
[debug] [2021-02-16T16:11:13.394Z] > command requires scopes: ["email","openid","https://www.googleapis.com/auth/cloudplatformprojects.readonly","https://www.googleapis.com/auth/firebase","https://www.googleapis.com/auth/cloud-platform"]
[debug] [2021-02-16T16:11:13.396Z] > authorizing via signed-in user
[info] i  emulators: Starting emulators: functions, hosting {"metadata":{"emulator":{"name":"hub"},"message":"Starting emulators: functions, hosting"}}
[debug] [2021-02-16T16:11:13.499Z] [hub] writing locator at C:\Users\IR~SAGE\AppData\Local\Temp\hub-clone-7a7a2.json
[warn] !  functions: The following emulators are not running, calls to these services from the Functions emulator will affect production: auth, firestore, database, pubsub {"metadata":{"emulator":{"name":"functions"},"message":"The following emulators are not running, calls to these services from the Functions emulator will affect production: \u001b[1mauth, firestore, database, pubsub\u001b[22m"}}
[warn] !  Your requested "node" version "12" doesn't match your global version "14" {"metadata":{"emulator":{"name":"functions"},"message":"Your requested \"node\" version \"12\" doesn't match your global version \"14\""}}
[debug] [2021-02-16T16:11:13.631Z] defaultcredentials: writing to file C:\Users\IR~SAGE\AppData\Roaming\firebase\irsage98_gmail_com_application_default_credentials.json
[debug] [2021-02-16T16:11:13.638Z] Setting GAC to C:\Users\IR~SAGE\AppData\Roaming\firebase\irsage98_gmail_com_application_default_credentials.json {"metadata":{"emulator":{"name":"functions"},"message":"Setting GAC to C:\\Users\\IR~SAGE\\AppData\\Roaming\\firebase\\irsage98_gmail_com_application_default_credentials.json"}}
[debug] [2021-02-16T16:11:13.649Z] >>> [apiv2][query] GET https://firebase.googleapis.com/v1beta1/projects/clone-7a7a2/adminSdkConfig [none]
[debug] [2021-02-16T16:11:14.306Z] <<< [apiv2][status] GET https://firebase.googleapis.com/v1beta1/projects/clone-7a7a2/adminSdkConfig 200
[debug] [2021-02-16T16:11:14.307Z] <<< [apiv2][body] GET https://firebase.googleapis.com/v1beta1/projects/clone-7a7a2/adminSdkConfig {"projectId":"clone-7a7a2","storageBucket":"clone-7a7a2.appspot.com","locationId":"us-central"}
[debug] [2021-02-16T16:11:14.395Z] >>> [apiv2][query] GET https://firebase.googleapis.com/v1beta1/projects/clone-7a7a2/webApps/-/config [none]
[debug] [2021-02-16T16:11:15.485Z] <<< [apiv2][status] GET https://firebase.googleapis.com/v1beta1/projects/clone-7a7a2/webApps/-/config 200
[debug] [2021-02-16T16:11:15.485Z] <<< [apiv2][body] GET https://firebase.googleapis.com/v1beta1/projects/clone-7a7a2/webApps/-/config {"projectId":"clone-7a7a2","appId":"1:341780286911:web:5cf92353ef7956c432250a","storageBucket":"clone-7a7a2.appspot.com","locationId":"us-central","apiKey":"AIzaSyD5gfDv80y55XnX8BU4dPCaJZuKFxXHu1s","authDomain":"clone-7a7a2.firebaseapp.com","messagingSenderId":"341780286911","measurementId":"G-MTLG9F8LWZ"}
[info] i  hosting: Serving hosting files from: build {"metadata":{"emulator":{"name":"hosting"},"message":"Serving hosting files from: \u001b[1mbuild\u001b[22m"}}
[info] +  hosting: Local server: http://localhost:5000 {"metadata":{"emulator":{"name":"hosting"},"message":"Local server: \u001b[4m\u001b[1mhttp://localhost:5000\u001b[22m\u001b[24m"}}
[debug] [2021-02-16T16:11:15.641Z] Ignoring unsupported arg: auto_download {"metadata":{"emulator":{"name":"ui"},"message":"Ignoring unsupported arg: auto_download"}}
[debug] [2021-02-16T16:11:15.642Z] Ignoring unsupported arg: port {"metadata":{"emulator":{"name":"ui"},"message":"Ignoring unsupported arg: port"}}
[debug] [2021-02-16T16:11:15.643Z] Starting Emulator UI with command {"binary":"node","args":["C:\\Users\\IR~SAGE\\.cache\\firebase\\emulators\\ui-v1.4.1\\server.bundle.js"],"optionalArgs":[],"joinArgs":false} {"metadata":{"emulator":{"name":"ui"},"message":"Starting Emulator UI with command {\"binary\":\"node\",\"args\":[\"C:\\\\Users\\\\IR~SAGE\\\\.cache\\\\firebase\\\\emulators\\\\ui-v1.4.1\\\\server.bundle.js\"],\"optionalArgs\":[],\"joinArgs\":false}"}}
[info] i  ui: Emulator UI logging to ui-debug.log {"metadata":{"emulator":{"name":"ui"},"message":"Emulator UI logging to \u001b[1mui-debug.log\u001b[22m"}}
[debug] [2021-02-16T16:11:16.080Z] Web / API server started at http://localhost:4000
 {"metadata":{"emulator":{"name":"ui"},"message":"Web / API server started at http://localhost:4000\n"}}
[info] i  functions: Watching "F:\Projects\React-Projects\amazon-clone\functions" for Cloud Functions... {"metadata":{"emulator":{"name":"functions"},"message":"Watching \"F:\\Projects\\React-Projects\\amazon-clone\\functions\" for Cloud Functions..."}}
[debug] [2021-02-16T16:11:16.256Z] [worker-pool] addWorker(~diagnostic~) {"metadata":{"emulator":{"name":"functions"},"message":"[worker-pool] addWorker(~diagnostic~)"}}
[debug] [2021-02-16T16:11:16.258Z] [worker-pool] Adding worker with key ~diagnostic~, total=1 {"metadata":{"emulator":{"name":"functions"},"message":"[worker-pool] Adding worker with key ~diagnostic~, total=1"}}
[debug] [2021-02-16T16:11:16.259Z] [worker-pool] submitWork(triggerId=) {"metadata":{"emulator":{"name":"functions"},"message":"[worker-pool] submitWork(triggerId=)"}}
[debug] [2021-02-16T16:11:16.261Z] [worker-~diagnostic~-04e7428a-bfe4-45bb-9597-1f88cd322274]: Assigning socketPath: \\?\pipe\F:\Projects\React-Projects\amazon-clone\functions\7284 {"metadata":{"emulator":{"name":"functions"},"message":"[worker-~diagnostic~-04e7428a-bfe4-45bb-9597-1f88cd322274]: Assigning socketPath: \\\\?\\pipe\\F:\\Projects\\React-Projects\\amazon-clone\\functions\\7284"}}
[debug] [2021-02-16T16:11:16.263Z] [worker-~diagnostic~-04e7428a-bfe4-45bb-9597-1f88cd322274]: BUSY {"metadata":{"emulator":{"name":"functions"},"message":"[worker-~diagnostic~-04e7428a-bfe4-45bb-9597-1f88cd322274]: BUSY"}}
